<?xml version="1.0" encoding="UTF-8"?>
<!-- Generated by org.testng.reporters.JUnitXMLReporter -->
<testsuite hostname="DESKTOP-KTE5JBA" ignored="0" name="Test" tests="4" failures="0" timestamp="24 Dec 2021 21:15:03 GMT" time="104.044" errors="0">
  <testcase name="login" time="1.175" classname="academy.LoginTest"/>
  <testcase name="login" time="1.176" classname="academy.LoginTest"/>
  <testcase name="courseTitle" time="0.108" classname="academy.VerifyCourseTest"/>
  <testcase name="navBar" time="0.413" classname="academy.VerifyNavTest"/>
</testsuite> <!-- Test -->
