<?xml version="1.0" encoding="UTF-8"?>
<testsuite xmlns:xsi="http://www.w3.org/2001/XMLSchema-instance" xsi:noNamespaceSchemaLocation="https://maven.apache.org/surefire/maven-surefire-plugin/xsd/surefire-test-report-3.0.xsd" version="3.0" name="TestSuite" time="97.83" tests="4" errors="0" skipped="0" failures="1">
  <properties>
[...]
</properties>
  <testcase name="courseTitle" classname="academy.VerifyCourseTest" time="0.344">
    <failure message="expected:&lt;...&gt; but was:&lt;...123&gt;" type="junit.framework.ComparisonFailure"><![CDATA[junit.framework.ComparisonFailure: expected:<...> but was:<...123>
	at academy.VerifyCourseTest.courseTitle(VerifyCourseTest.java:41)
]]></failure>
    <system-out><![CDATA[chrome
chrome
chrome
]]></system-out>
    <system-err><![CDATA[SLF4J: Failed to load class "org.slf4j.impl.StaticLoggerBinder".
SLF4J: Defaulting to no-operation (NOP) logger implementation
SLF4J: See http://www.slf4j.org/codes.html#StaticLoggerBinder for further details.
Starting ChromeDriver 96.0.4664.45 (76e4c1bb2ab4671b8beba3444e61c0f17584b2fc-refs/branch-heads/4664@{#947}) on port 20974
Only local connections are allowed.
Please see https://chromedriver.chromium.org/security-considerations for suggestions on keeping ChromeDriver safe.
Starting ChromeDriver 96.0.4664.45 (76e4c1bb2ab4671b8beba3444e61c0f17584b2fc-refs/branch-heads/4664@{#947}) on port 32902
Only local connections are allowed.
Please see https://chromedriver.chromium.org/security-considerations for suggestions on keeping ChromeDriver safe.
Starting ChromeDriver 96.0.4664.45 (76e4c1bb2ab4671b8beba3444e61c0f17584b2fc-refs/branch-heads/4664@{#C9h4r7o}m)e Dorni vpeorr tw a3s9 4s2t1ar
tOendl ys ulcocceasls fcuolnlnye.ct
ions are allowed.
Please see https://chromedriver.chromium.org/security-considerations for suggestions on keeping ChromeDriver safe.
CChhrroommeeDDrriivver waser w asst asrttaerdt eds uscuccecsessfully.
sfully.
Dec 25, 2021 6:39:29 PM org.openqa.selenium.remote.ProtocolHandshake createSession
INFO: Detected dialect: W3C
Dec 25, 2021 6:39:29 PM org.openqa.selenium.remote.ProtocolHandshake createSession
INFO: Detected dialect: W3C
Dec 25, 2021 6:39:29 PM org.openqa.selenium.remote.ProtocolHandshake createSession
INFO: Detected dialect: W3C
]]></system-err>
  </testcase>
  <testcase name="navBar" classname="academy.VerifyNavTest" time="0.559"/>
  <testcase name="login[restricteduser@gmail.com, restricteduserpassword, restricteduser@gmail.com](1)" classname="academy.LoginTest" time="2.337">
    <system-out><![CDATA[restricteduser@gmail.com
]]></system-out>
  </testcase>
  <testcase name="login[non-restricteduser@gmail.com, non-restricteduserpassword, non-restricteduser@gmail.com](2)" classname="academy.LoginTest" time="1.128">
    <system-out><![CDATA[non-restricteduser@gmail.com
]]></system-out>
  </testcase>
</testsuite>