<?xml version="1.0" encoding="UTF-8"?>
<testng-results skipped="0" failed="1" ignored="0" total="4" passed="3">
  <reporter-output>
  </reporter-output>
  <suite name="Suite" duration-ms="91632" started-at="2021-12-25T18:39:10Z" finished-at="2021-12-25T18:40:42Z">
    <groups>
    </groups>
    <test name="Verify the Logins" duration-ms="91632" started-at="2021-12-25T18:39:10Z" finished-at="2021-12-25T18:40:42Z">
      <class name="academy.LoginTest">
        <test-method status="PASS" signature="setUp()[pri:0, instance:academy.LoginTest@5b247367]" name="setUp" is-config="true" duration-ms="84269" started-at="2021-12-25T18:39:11Z" finished-at="2021-12-25T18:40:35Z">
          <reporter-output>
          </reporter-output>
        </test-method> <!-- setUp -->
        <test-method status="PASS" signature="login(java.lang.String, java.lang.String, java.lang.String)[pri:0, instance:academy.LoginTest@5b247367]" name="login" duration-ms="2337" started-at="2021-12-25T18:40:35Z" data-provider="getData" finished-at="2021-12-25T18:40:37Z">
          <params>
            <param index="0">
              <value>
                <![CDATA[restricteduser@gmail.com]]>
              </value>
            </param>
            <param index="1">
              <value>
                <![CDATA[restricteduserpassword]]>
              </value>
            </param>
            <param index="2">
              <value>
                <![CDATA[restricteduser@gmail.com]]>
              </value>
            </param>
          </params>
          <reporter-output>
          </reporter-output>
        </test-method> <!-- login -->
        <test-method status="PASS" signature="login(java.lang.String, java.lang.String, java.lang.String)[pri:0, instance:academy.LoginTest@5b247367]" name="login" duration-ms="1120" started-at="2021-12-25T18:40:37Z" data-provider="getData" finished-at="2021-12-25T18:40:39Z">
          <params>
            <param index="0">
              <value>
                <![CDATA[non-restricteduser@gmail.com]]>
              </value>
            </param>
            <param index="1">
              <value>
                <![CDATA[non-restricteduserpassword]]>
              </value>
            </param>
            <param index="2">
              <value>
                <![CDATA[non-restricteduser@gmail.com]]>
              </value>
            </param>
          </params>
          <reporter-output>
          </reporter-output>
        </test-method> <!-- login -->
        <test-method status="PASS" signature="tearDown()[pri:0, instance:academy.LoginTest@5b247367]" name="tearDown" is-config="true" duration-ms="3092" started-at="2021-12-25T18:40:39Z" finished-at="2021-12-25T18:40:42Z">
          <reporter-output>
          </reporter-output>
        </test-method> <!-- tearDown -->
      </class> <!-- academy.LoginTest -->
    </test> <!-- Verify the Logins -->
    <test name="Verify navigation bar" duration-ms="87347" started-at="2021-12-25T18:39:10Z" finished-at="2021-12-25T18:40:38Z">
      <class name="academy.VerifyNavTest">
        <test-method status="PASS" signature="setUp()[pri:0, instance:academy.VerifyNavTest@302c971f]" name="setUp" is-config="true" duration-ms="79751" started-at="2021-12-25T18:39:11Z" finished-at="2021-12-25T18:40:30Z">
          <reporter-output>
          </reporter-output>
        </test-method> <!-- setUp -->
        <test-method status="PASS" signature="navBar()[pri:0, instance:academy.VerifyNavTest@302c971f]" name="navBar" duration-ms="807" started-at="2021-12-25T18:40:31Z" finished-at="2021-12-25T18:40:31Z">
          <reporter-output>
          </reporter-output>
        </test-method> <!-- navBar -->
        <test-method status="PASS" signature="tearDown()[pri:0, instance:academy.VerifyNavTest@302c971f]" name="tearDown" is-config="true" duration-ms="4552" started-at="2021-12-25T18:40:33Z" finished-at="2021-12-25T18:40:38Z">
          <reporter-output>
          </reporter-output>
        </test-method> <!-- tearDown -->
      </class> <!-- academy.VerifyNavTest -->
    </test> <!-- Verify navigation bar -->
    <test name="Verify course title" duration-ms="86659" started-at="2021-12-25T18:39:10Z" finished-at="2021-12-25T18:40:37Z">
      <class name="academy.VerifyCourseTest">
        <test-method status="PASS" signature="setUp()[pri:0, instance:academy.VerifyCourseTest@6d60fe40]" name="setUp" is-config="true" duration-ms="79616" started-at="2021-12-25T18:39:11Z" finished-at="2021-12-25T18:40:30Z">
          <reporter-output>
          </reporter-output>
        </test-method> <!-- setUp -->
        <test-method status="FAIL" signature="courseTitle()[pri:0, instance:academy.VerifyCourseTest@6d60fe40]" name="courseTitle" duration-ms="360" started-at="2021-12-25T18:40:31Z" finished-at="2021-12-25T18:40:31Z">
          <exception class="junit.framework.ComparisonFailure">
            <message>
              <![CDATA[expected:<...> but was:<...123>]]>
            </message>
            <full-stacktrace>
              <![CDATA[junit.framework.ComparisonFailure: expected:<...> but was:<...123>
at junit.framework.Assert.assertEquals(Assert.java:81)
at junit.framework.Assert.assertEquals(Assert.java:87)
at academy.VerifyCourseTest.courseTitle(VerifyCourseTest.java:41)
at sun.reflect.NativeMethodAccessorImpl.invoke0(Native Method)
at sun.reflect.NativeMethodAccessorImpl.invoke(NativeMethodAccessorImpl.java:62)
at sun.reflect.DelegatingMethodAccessorImpl.invoke(DelegatingMethodAccessorImpl.java:43)
at java.lang.reflect.Method.invoke(Method.java:498)
at org.testng.internal.MethodInvocationHelper.invokeMethod(MethodInvocationHelper.java:124)
at org.testng.internal.Invoker.invokeMethod(Invoker.java:583)
at org.testng.internal.Invoker.invokeTestMethod(Invoker.java:719)
at org.testng.internal.Invoker.invokeTestMethods(Invoker.java:989)
at org.testng.internal.TestMethodWorker.invokeTestMethods(TestMethodWorker.java:125)
at org.testng.internal.TestMethodWorker.run(TestMethodWorker.java:109)
at org.testng.TestRunner.privateRun(TestRunner.java:648)
at org.testng.TestRunner.run(TestRunner.java:505)
at org.testng.SuiteRunner.runTest(SuiteRunner.java:455)
at org.testng.SuiteRunner.access$000(SuiteRunner.java:40)
at org.testng.SuiteRunner$SuiteWorker.run(SuiteRunner.java:489)
at org.testng.internal.thread.ThreadUtil$1.call(ThreadUtil.java:52)
at java.util.concurrent.FutureTask.run(FutureTask.java:266)
at java.util.concurrent.ThreadPoolExecutor.runWorker(ThreadPoolExecutor.java:1149)
at java.util.concurrent.ThreadPoolExecutor$Worker.run(ThreadPoolExecutor.java:624)
at java.lang.Thread.run(Thread.java:748)
]]>
            </full-stacktrace>
          </exception> <!-- junit.framework.ComparisonFailure -->
          <reporter-output>
          </reporter-output>
        </test-method> <!-- courseTitle -->
        <test-method status="PASS" signature="tearDown()[pri:0, instance:academy.VerifyCourseTest@6d60fe40]" name="tearDown" is-config="true" duration-ms="3855" started-at="2021-12-25T18:40:33Z" finished-at="2021-12-25T18:40:37Z">
          <reporter-output>
          </reporter-output>
        </test-method> <!-- tearDown -->
      </class> <!-- academy.VerifyCourseTest -->
    </test> <!-- Verify course title -->
  </suite> <!-- Suite -->
</testng-results>
