-------------------------------------------------------------------------------
Test set: TestSuite
-------------------------------------------------------------------------------
Tests run: 4, Failures: 1, Errors: 0, Skipped: 0, Time elapsed: 97.83 s <<< FAILURE! - in TestSuite
academy.VerifyCourseTest.courseTitle  Time elapsed: 0.344 s  <<< FAILURE!
junit.framework.ComparisonFailure: expected:<...> but was:<...123>
	at academy.VerifyCourseTest.courseTitle(VerifyCourseTest.java:41)

